<?xml version="1.0" encoding="UTF-8"?>
<testsuite xmlns:xsi="http://www.w3.org/2001/XMLSchema-instance" xsi:noNamespaceSchemaLocation="https://maven.apache.org/surefire/maven-surefire-plugin/xsd/surefire-test-report-3.0.xsd" version="3.0" name="UserServiceTest" time="1.86" tests="6" errors="0" skipped="0" failures="0">
  <properties>
    <property name="java.specification.version" value="17"/>
    <property name="sun.cpu.isalist" value="amd64"/>
    <property name="sun.jnu.encoding" value="Cp1251"/>
    <property name="java.class.path" value="C:\Users\Анастасия\Desktop\TestTask\JDBC и Hibernate\target\test-classes;C:\Users\Анастасия\Desktop\TestTask\JDBC и Hibernate\target\classes;C:\Users\Анастасия\.m2\repository\junit\junit\4.13.2\junit-4.13.2.jar;C:\Users\Анастасия\.m2\repository\org\hamcrest\hamcrest-core\1.3\hamcrest-core-1.3.jar;C:\Users\Анастасия\.m2\repository\org\postgresql\postgresql\42.7.4\postgresql-42.7.4.jar;C:\Users\Анастасия\.m2\repository\org\checkerframework\checker-qual\3.42.0\checker-qual-3.42.0.jar;C:\Users\Анастасия\.m2\repository\org\hibernate\javax\persistence\hibernate-jpa-2.1-api\1.0.2.Final\hibernate-jpa-2.1-api-1.0.2.Final.jar;C:\Users\Анастасия\.m2\repository\org\hibernate\hibernate-core\5.6.3.Final\hibernate-core-5.6.3.Final.jar;C:\Users\Анастасия\.m2\repository\org\jboss\logging\jboss-logging\3.4.2.Final\jboss-logging-3.4.2.Final.jar;C:\Users\Анастасия\.m2\repository\javax\persistence\javax.persistence-api\2.2\javax.persistence-api-2.2.jar;C:\Users\Анастасия\.m2\repository\net\bytebuddy\byte-buddy\1.11.20\byte-buddy-1.11.20.jar;C:\Users\Анастасия\.m2\repository\antlr\antlr\2.7.7\antlr-2.7.7.jar;C:\Users\Анастасия\.m2\repository\org\jboss\spec\javax\transaction\jboss-transaction-api_1.2_spec\1.1.1.Final\jboss-transaction-api_1.2_spec-1.1.1.Final.jar;C:\Users\Анастасия\.m2\repository\org\jboss\jandex\2.2.3.Final\jandex-2.2.3.Final.jar;C:\Users\Анастасия\.m2\repository\com\fasterxml\classmate\1.5.1\classmate-1.5.1.jar;C:\Users\Анастасия\.m2\repository\javax\activation\javax.activation-api\1.2.0\javax.activation-api-1.2.0.jar;C:\Users\Анастасия\.m2\repository\org\hibernate\common\hibernate-commons-annotations\5.1.2.Final\hibernate-commons-annotations-5.1.2.Final.jar;C:\Users\Анастасия\.m2\repository\javax\xml\bind\jaxb-api\2.3.1\jaxb-api-2.3.1.jar;C:\Users\Анастасия\.m2\repository\org\glassfish\jaxb\jaxb-runtime\2.3.1\jaxb-runtime-2.3.1.jar;C:\Users\Анастасия\.m2\repository\org\glassfish\jaxb\txw2\2.3.1\txw2-2.3.1.jar;C:\Users\Анастасия\.m2\repository\com\sun\istack\istack-commons-runtime\3.0.7\istack-commons-runtime-3.0.7.jar;C:\Users\Анастасия\.m2\repository\org\jvnet\staxex\stax-ex\1.8\stax-ex-1.8.jar;C:\Users\Анастасия\.m2\repository\com\sun\xml\fastinfoset\FastInfoset\1.2.15\FastInfoset-1.2.15.jar;C:\Users\Анастасия\.m2\repository\org\projectlombok\lombok\1.18.36\lombok-1.18.36.jar;C:\Users\Анастасия\.m2\repository\org\slf4j\slf4j-simple\2.0.9\slf4j-simple-2.0.9.jar;C:\Users\Анастасия\.m2\repository\org\slf4j\slf4j-api\2.0.9\slf4j-api-2.0.9.jar;"/>
    <property name="java.vm.vendor" value="BellSoft"/>
    <property name="sun.arch.data.model" value="64"/>
    <property name="user.variant" value=""/>
    <property name="java.vendor.url" value="https://bell-sw.com/"/>
    <property name="user.timezone" value="Europe/Moscow"/>
    <property name="os.name" value="Windows 11"/>
    <property name="java.vm.specification.version" value="17"/>
    <property name="sun.java.launcher" value="SUN_STANDARD"/>
    <property name="user.country" value="RU"/>
    <property name="sun.boot.library.path" value="C:\Program Files\BellSoft\LibericaJDK-17\bin"/>
    <property name="sun.java.command" value="C:\Users\Анастасия\AppData\Local\Temp\surefire12397217033436222327\surefirebooter-20250111164007072_3.jar C:\Users\Анастасия\AppData\Local\Temp\surefire12397217033436222327 2025-01-11T16-40-06_949-jvmRun1 surefire-20250111164007072_1tmp surefire_0-20250111164007072_2tmp"/>
    <property name="jdk.debug" value="release"/>
    <property name="surefire.test.class.path" value="C:\Users\Анастасия\Desktop\TestTask\JDBC и Hibernate\target\test-classes;C:\Users\Анастасия\Desktop\TestTask\JDBC и Hibernate\target\classes;C:\Users\Анастасия\.m2\repository\junit\junit\4.13.2\junit-4.13.2.jar;C:\Users\Анастасия\.m2\repository\org\hamcrest\hamcrest-core\1.3\hamcrest-core-1.3.jar;C:\Users\Анастасия\.m2\repository\org\postgresql\postgresql\42.7.4\postgresql-42.7.4.jar;C:\Users\Анастасия\.m2\repository\org\checkerframework\checker-qual\3.42.0\checker-qual-3.42.0.jar;C:\Users\Анастасия\.m2\repository\org\hibernate\javax\persistence\hibernate-jpa-2.1-api\1.0.2.Final\hibernate-jpa-2.1-api-1.0.2.Final.jar;C:\Users\Анастасия\.m2\repository\org\hibernate\hibernate-core\5.6.3.Final\hibernate-core-5.6.3.Final.jar;C:\Users\Анастасия\.m2\repository\org\jboss\logging\jboss-logging\3.4.2.Final\jboss-logging-3.4.2.Final.jar;C:\Users\Анастасия\.m2\repository\javax\persistence\javax.persistence-api\2.2\javax.persistence-api-2.2.jar;C:\Users\Анастасия\.m2\repository\net\bytebuddy\byte-buddy\1.11.20\byte-buddy-1.11.20.jar;C:\Users\Анастасия\.m2\repository\antlr\antlr\2.7.7\antlr-2.7.7.jar;C:\Users\Анастасия\.m2\repository\org\jboss\spec\javax\transaction\jboss-transaction-api_1.2_spec\1.1.1.Final\jboss-transaction-api_1.2_spec-1.1.1.Final.jar;C:\Users\Анастасия\.m2\repository\org\jboss\jandex\2.2.3.Final\jandex-2.2.3.Final.jar;C:\Users\Анастасия\.m2\repository\com\fasterxml\classmate\1.5.1\classmate-1.5.1.jar;C:\Users\Анастасия\.m2\repository\javax\activation\javax.activation-api\1.2.0\javax.activation-api-1.2.0.jar;C:\Users\Анастасия\.m2\repository\org\hibernate\common\hibernate-commons-annotations\5.1.2.Final\hibernate-commons-annotations-5.1.2.Final.jar;C:\Users\Анастасия\.m2\repository\javax\xml\bind\jaxb-api\2.3.1\jaxb-api-2.3.1.jar;C:\Users\Анастасия\.m2\repository\org\glassfish\jaxb\jaxb-runtime\2.3.1\jaxb-runtime-2.3.1.jar;C:\Users\Анастасия\.m2\repository\org\glassfish\jaxb\txw2\2.3.1\txw2-2.3.1.jar;C:\Users\Анастасия\.m2\repository\com\sun\istack\istack-commons-runtime\3.0.7\istack-commons-runtime-3.0.7.jar;C:\Users\Анастасия\.m2\repository\org\jvnet\staxex\stax-ex\1.8\stax-ex-1.8.jar;C:\Users\Анастасия\.m2\repository\com\sun\xml\fastinfoset\FastInfoset\1.2.15\FastInfoset-1.2.15.jar;C:\Users\Анастасия\.m2\repository\org\projectlombok\lombok\1.18.36\lombok-1.18.36.jar;C:\Users\Анастасия\.m2\repository\org\slf4j\slf4j-simple\2.0.9\slf4j-simple-2.0.9.jar;C:\Users\Анастасия\.m2\repository\org\slf4j\slf4j-api\2.0.9\slf4j-api-2.0.9.jar;"/>
    <property name="sun.cpu.endian" value="little"/>
    <property name="user.home" value="C:\Users\Анастасия"/>
    <property name="user.language" value="ru"/>
    <property name="java.specification.vendor" value="Oracle Corporation"/>
    <property name="java.version.date" value="2024-10-15"/>
    <property name="java.home" value="C:\Program Files\BellSoft\LibericaJDK-17"/>
    <property name="file.separator" value="\"/>
    <property name="basedir" value="C:\Users\Анастасия\Desktop\TestTask\JDBC и Hibernate"/>
    <property name="java.vm.compressedOopsMode" value="Zero based"/>
    <property name="line.separator" value="&#10;"/>
    <property name="java.vm.specification.vendor" value="Oracle Corporation"/>
    <property name="java.specification.name" value="Java Platform API Specification"/>
    <property name="surefire.real.class.path" value="C:\Users\Анастасия\AppData\Local\Temp\surefire12397217033436222327\surefirebooter-20250111164007072_3.jar"/>
    <property name="user.script" value=""/>
    <property name="sun.management.compiler" value="HotSpot 64-Bit Tiered Compilers"/>
    <property name="java.runtime.version" value="17.0.13+12-LTS"/>
    <property name="user.name" value="Анастасия"/>
    <property name="path.separator" value=";"/>
    <property name="os.version" value="10.0"/>
    <property name="java.runtime.name" value="OpenJDK Runtime Environment"/>
    <property name="file.encoding" value="Cp1251"/>
    <property name="java.vm.name" value="OpenJDK 64-Bit Server VM"/>
    <property name="localRepository" value="C:\Users\Анастасия\.m2\repository"/>
    <property name="java.vendor.url.bug" value="https://bell-sw.com/support"/>
    <property name="java.io.tmpdir" value="C:\Users\08DE~1\AppData\Local\Temp\"/>
    <property name="idea.version" value="2024.2.4"/>
    <property name="java.version" value="17.0.13"/>
    <property name="user.dir" value="C:\Users\Анастасия\Desktop\TestTask\JDBC и Hibernate"/>
    <property name="os.arch" value="amd64"/>
    <property name="java.vm.specification.name" value="Java Virtual Machine Specification"/>
    <property name="sun.os.patch.level" value=""/>
    <property name="native.encoding" value="Cp1251"/>
    <property name="java.library.path" value="C:\Program Files\BellSoft\LibericaJDK-17\bin;C:\windows\Sun\Java\bin;C:\windows\system32;C:\windows;C:\Program Files\BellSoft\LibericaJDK-17\bin\;C:\Windows\system32;C:\Windows;C:\Windows\System32\Wbem;C:\Windows\System32\WindowsPowerShell\v1.0\;C:\Windows\System32\OpenSSH\;C:\Program Files (x86)\NVIDIA Corporation\PhysX\Common;C:\Program Files\NVIDIA Corporation\NVIDIA NvDLISR;C:\Users\Анастасия\Desktop\apache-maven-3.9.9\bin;C:\Program Files\Git\cmd;C:\Users\Анастасия\AppData\Local\Microsoft\WindowsApps;;."/>
    <property name="java.vm.info" value="mixed mode, sharing"/>
    <property name="java.vendor" value="BellSoft"/>
    <property name="java.vm.version" value="17.0.13+12-LTS"/>
    <property name="java.specification.maintenance.version" value="1"/>
    <property name="sun.io.unicode.encoding" value="UnicodeLittle"/>
    <property name="java.class.version" value="61.0"/>
  </properties>
  <testcase name="saveUser" classname="UserServiceTest" time="1.215">
    <system-out><![CDATA[Hibernate Connection successful!
Hibernate: 
    DROP TABLE IF EXISTS users
Hibernate: 
    CREATE TABLE IF NOT EXISTS users(id BIGSERIAL PRIMARY KEY,name VARCHAR(50) NOT NULL,lastname VARCHAR(50) NOT NULL,age SMALLINT NOT NULL)
Hibernate: 
    insert 
    into
        users
        (age, lastname, name) 
    values
        (?, ?, ?)
Hibernate: 
    select
        user0_.id as id1_0_,
        user0_.age as age2_0_,
        user0_.lastname as lastname3_0_,
        user0_.name as name4_0_ 
    from
        users user0_
]]></system-out>
    <system-err><![CDATA[янв. 11, 2025 4:40:07 PM org.hibernate.Version logVersion
INFO: HHH000412: Hibernate ORM core version 5.6.3.Final
янв. 11, 2025 4:40:07 PM org.hibernate.cfg.Environment <clinit>
INFO: HHH000205: Loaded properties from resource hibernate.properties: {hibernate.format_sql=true, hibernate.hbm2ddl.auto=update, hibernate.connection.user=postgres, hibernate.dialect=org.hibernate.dialect.PostgreSQLDialect, hibernate.dataSource.databaseName=postgres, hibernate.connection.url=jdbc:postgresql://localhost:5432/postgres, hibernate.show_sql=true, hibernate.current_session_context_class=thread, hibernate.connection.driver_class=org.postgresql.Driver, hibernate.connection.password=****, hibernate.bytecode.use_reflection_optimizer=false}
янв. 11, 2025 4:40:07 PM org.hibernate.annotations.common.reflection.java.JavaReflectionManager <clinit>
INFO: HCANN000001: Hibernate Commons Annotations {5.1.2.Final}
янв. 11, 2025 4:40:07 PM org.hibernate.engine.jdbc.connections.internal.DriverManagerConnectionProviderImpl configure
WARN: HHH10001002: Using Hibernate built-in connection pool (not for production use!)
янв. 11, 2025 4:40:07 PM org.hibernate.engine.jdbc.connections.internal.DriverManagerConnectionProviderImpl buildCreator
INFO: HHH10001005: using driver [org.postgresql.Driver] at URL [jdbc:postgresql://localhost:5432/postgres]
янв. 11, 2025 4:40:07 PM org.hibernate.engine.jdbc.connections.internal.DriverManagerConnectionProviderImpl buildCreator
INFO: HHH10001001: Connection properties: {password=****, user=postgres}
янв. 11, 2025 4:40:07 PM org.hibernate.engine.jdbc.connections.internal.DriverManagerConnectionProviderImpl buildCreator
INFO: HHH10001003: Autocommit mode: false
янв. 11, 2025 4:40:07 PM org.hibernate.engine.jdbc.connections.internal.DriverManagerConnectionProviderImpl$PooledConnections <init>
INFO: HHH000115: Hibernate connection pool size: 20 (min=1)
янв. 11, 2025 4:40:08 PM org.hibernate.dialect.Dialect <init>
INFO: HHH000400: Using dialect: org.hibernate.dialect.PostgreSQLDialect
янв. 11, 2025 4:40:08 PM org.hibernate.resource.transaction.backend.jdbc.internal.DdlTransactionIsolatorNonJtaImpl getIsolatedConnection
INFO: HHH10001501: Connection obtained from JdbcConnectionAccess [org.hibernate.engine.jdbc.env.internal.JdbcEnvironmentInitiator$ConnectionProviderJdbcConnectionAccess@107f4980] for (non-JTA) DDL execution was not in auto-commit mode; the Connection 'local transaction' will be committed and the Connection will be set into auto-commit mode.
[main] INFO jm.task.core.jdbc.dao.UserDaoHibernateImpl - Таблица пользователей успешно удалена!
[main] INFO jm.task.core.jdbc.dao.UserDaoHibernateImpl - Таблица пользователей успешно создана
]]></system-err>
  </testcase>
  <testcase name="removeUserById" classname="UserServiceTest" time="0.11">
    <system-out><![CDATA[Hibernate Connection successful!
Hibernate: 
    DROP TABLE IF EXISTS users
Hibernate: 
    CREATE TABLE IF NOT EXISTS users(id BIGSERIAL PRIMARY KEY,name VARCHAR(50) NOT NULL,lastname VARCHAR(50) NOT NULL,age SMALLINT NOT NULL)
Hibernate: 
    insert 
    into
        users
        (age, lastname, name) 
    values
        (?, ?, ?)
Hibernate: 
    delete 
    from
        users 
    where
        id=?
]]></system-out>
    <system-err><![CDATA[янв. 11, 2025 4:40:08 PM org.hibernate.engine.jdbc.connections.internal.DriverManagerConnectionProviderImpl configure
WARN: HHH10001002: Using Hibernate built-in connection pool (not for production use!)
янв. 11, 2025 4:40:08 PM org.hibernate.engine.jdbc.connections.internal.DriverManagerConnectionProviderImpl buildCreator
INFO: HHH10001005: using driver [org.postgresql.Driver] at URL [jdbc:postgresql://localhost:5432/postgres]
янв. 11, 2025 4:40:08 PM org.hibernate.engine.jdbc.connections.internal.DriverManagerConnectionProviderImpl buildCreator
INFO: HHH10001001: Connection properties: {password=****, user=postgres}
янв. 11, 2025 4:40:08 PM org.hibernate.engine.jdbc.connections.internal.DriverManagerConnectionProviderImpl buildCreator
INFO: HHH10001003: Autocommit mode: false
янв. 11, 2025 4:40:08 PM org.hibernate.engine.jdbc.connections.internal.DriverManagerConnectionProviderImpl$PooledConnections <init>
INFO: HHH000115: Hibernate connection pool size: 20 (min=1)
янв. 11, 2025 4:40:08 PM org.hibernate.dialect.Dialect <init>
INFO: HHH000400: Using dialect: org.hibernate.dialect.PostgreSQLDialect
янв. 11, 2025 4:40:08 PM org.hibernate.resource.transaction.backend.jdbc.internal.DdlTransactionIsolatorNonJtaImpl getIsolatedConnection
INFO: HHH10001501: Connection obtained from JdbcConnectionAccess [org.hibernate.engine.jdbc.env.internal.JdbcEnvironmentInitiator$ConnectionProviderJdbcConnectionAccess@366d8b97] for (non-JTA) DDL execution was not in auto-commit mode; the Connection 'local transaction' will be committed and the Connection will be set into auto-commit mode.
[main] INFO jm.task.core.jdbc.dao.UserDaoHibernateImpl - Таблица пользователей успешно удалена!
[main] INFO jm.task.core.jdbc.dao.UserDaoHibernateImpl - Таблица пользователей успешно создана
[main] INFO jm.task.core.jdbc.dao.UserDaoHibernateImpl - Пользователь c ID 1 удален!
]]></system-err>
  </testcase>
  <testcase name="getAllUsers" classname="UserServiceTest" time="0.093">
    <system-out><![CDATA[Hibernate Connection successful!
Hibernate: 
    DROP TABLE IF EXISTS users
Hibernate: 
    CREATE TABLE IF NOT EXISTS users(id BIGSERIAL PRIMARY KEY,name VARCHAR(50) NOT NULL,lastname VARCHAR(50) NOT NULL,age SMALLINT NOT NULL)
Hibernate: 
    insert 
    into
        users
        (age, lastname, name) 
    values
        (?, ?, ?)
Hibernate: 
    select
        user0_.id as id1_0_,
        user0_.age as age2_0_,
        user0_.lastname as lastname3_0_,
        user0_.name as name4_0_ 
    from
        users user0_
]]></system-out>
    <system-err><![CDATA[янв. 11, 2025 4:40:08 PM org.hibernate.engine.jdbc.connections.internal.DriverManagerConnectionProviderImpl configure
WARN: HHH10001002: Using Hibernate built-in connection pool (not for production use!)
янв. 11, 2025 4:40:08 PM org.hibernate.engine.jdbc.connections.internal.DriverManagerConnectionProviderImpl buildCreator
INFO: HHH10001005: using driver [org.postgresql.Driver] at URL [jdbc:postgresql://localhost:5432/postgres]
янв. 11, 2025 4:40:08 PM org.hibernate.engine.jdbc.connections.internal.DriverManagerConnectionProviderImpl buildCreator
INFO: HHH10001001: Connection properties: {password=****, user=postgres}
янв. 11, 2025 4:40:08 PM org.hibernate.engine.jdbc.connections.internal.DriverManagerConnectionProviderImpl buildCreator
INFO: HHH10001003: Autocommit mode: false
янв. 11, 2025 4:40:08 PM org.hibernate.engine.jdbc.connections.internal.DriverManagerConnectionProviderImpl$PooledConnections <init>
INFO: HHH000115: Hibernate connection pool size: 20 (min=1)
янв. 11, 2025 4:40:08 PM org.hibernate.dialect.Dialect <init>
INFO: HHH000400: Using dialect: org.hibernate.dialect.PostgreSQLDialect
янв. 11, 2025 4:40:08 PM org.hibernate.resource.transaction.backend.jdbc.internal.DdlTransactionIsolatorNonJtaImpl getIsolatedConnection
INFO: HHH10001501: Connection obtained from JdbcConnectionAccess [org.hibernate.engine.jdbc.env.internal.JdbcEnvironmentInitiator$ConnectionProviderJdbcConnectionAccess@4f0cab0a] for (non-JTA) DDL execution was not in auto-commit mode; the Connection 'local transaction' will be committed and the Connection will be set into auto-commit mode.
[main] INFO jm.task.core.jdbc.dao.UserDaoHibernateImpl - Таблица пользователей успешно удалена!
[main] INFO jm.task.core.jdbc.dao.UserDaoHibernateImpl - Таблица пользователей успешно создана
]]></system-err>
  </testcase>
  <testcase name="dropUsersTable" classname="UserServiceTest" time="0.081">
    <system-out><![CDATA[Hibernate Connection successful!
Hibernate: 
    DROP TABLE IF EXISTS users
Hibernate: 
    DROP TABLE IF EXISTS users
]]></system-out>
    <system-err><![CDATA[янв. 11, 2025 4:40:08 PM org.hibernate.engine.jdbc.connections.internal.DriverManagerConnectionProviderImpl configure
WARN: HHH10001002: Using Hibernate built-in connection pool (not for production use!)
янв. 11, 2025 4:40:08 PM org.hibernate.engine.jdbc.connections.internal.DriverManagerConnectionProviderImpl buildCreator
INFO: HHH10001005: using driver [org.postgresql.Driver] at URL [jdbc:postgresql://localhost:5432/postgres]
янв. 11, 2025 4:40:08 PM org.hibernate.engine.jdbc.connections.internal.DriverManagerConnectionProviderImpl buildCreator
INFO: HHH10001001: Connection properties: {password=****, user=postgres}
янв. 11, 2025 4:40:08 PM org.hibernate.engine.jdbc.connections.internal.DriverManagerConnectionProviderImpl buildCreator
INFO: HHH10001003: Autocommit mode: false
янв. 11, 2025 4:40:08 PM org.hibernate.engine.jdbc.connections.internal.DriverManagerConnectionProviderImpl$PooledConnections <init>
INFO: HHH000115: Hibernate connection pool size: 20 (min=1)
янв. 11, 2025 4:40:08 PM org.hibernate.dialect.Dialect <init>
INFO: HHH000400: Using dialect: org.hibernate.dialect.PostgreSQLDialect
янв. 11, 2025 4:40:08 PM org.hibernate.resource.transaction.backend.jdbc.internal.DdlTransactionIsolatorNonJtaImpl getIsolatedConnection
INFO: HHH10001501: Connection obtained from JdbcConnectionAccess [org.hibernate.engine.jdbc.env.internal.JdbcEnvironmentInitiator$ConnectionProviderJdbcConnectionAccess@106d77da] for (non-JTA) DDL execution was not in auto-commit mode; the Connection 'local transaction' will be committed and the Connection will be set into auto-commit mode.
[main] INFO jm.task.core.jdbc.dao.UserDaoHibernateImpl - Таблица пользователей успешно удалена!
[main] INFO jm.task.core.jdbc.dao.UserDaoHibernateImpl - Таблица пользователей успешно удалена!
]]></system-err>
  </testcase>
  <testcase name="createUsersTable" classname="UserServiceTest" time="0.108">
    <system-out><![CDATA[Hibernate: 
    
    create table users (
       id  bigserial not null,
        age int2,
        lastname varchar(255),
        name varchar(255),
        primary key (id)
    )
Hibernate Connection successful!
Hibernate: 
    DROP TABLE IF EXISTS users
Hibernate: 
    CREATE TABLE IF NOT EXISTS users(id BIGSERIAL PRIMARY KEY,name VARCHAR(50) NOT NULL,lastname VARCHAR(50) NOT NULL,age SMALLINT NOT NULL)
]]></system-out>
    <system-err><![CDATA[янв. 11, 2025 4:40:08 PM org.hibernate.engine.jdbc.connections.internal.DriverManagerConnectionProviderImpl configure
WARN: HHH10001002: Using Hibernate built-in connection pool (not for production use!)
янв. 11, 2025 4:40:08 PM org.hibernate.engine.jdbc.connections.internal.DriverManagerConnectionProviderImpl buildCreator
INFO: HHH10001005: using driver [org.postgresql.Driver] at URL [jdbc:postgresql://localhost:5432/postgres]
янв. 11, 2025 4:40:08 PM org.hibernate.engine.jdbc.connections.internal.DriverManagerConnectionProviderImpl buildCreator
INFO: HHH10001001: Connection properties: {password=****, user=postgres}
янв. 11, 2025 4:40:08 PM org.hibernate.engine.jdbc.connections.internal.DriverManagerConnectionProviderImpl buildCreator
INFO: HHH10001003: Autocommit mode: false
янв. 11, 2025 4:40:08 PM org.hibernate.engine.jdbc.connections.internal.DriverManagerConnectionProviderImpl$PooledConnections <init>
INFO: HHH000115: Hibernate connection pool size: 20 (min=1)
янв. 11, 2025 4:40:09 PM org.hibernate.dialect.Dialect <init>
INFO: HHH000400: Using dialect: org.hibernate.dialect.PostgreSQLDialect
янв. 11, 2025 4:40:09 PM org.hibernate.resource.transaction.backend.jdbc.internal.DdlTransactionIsolatorNonJtaImpl getIsolatedConnection
INFO: HHH10001501: Connection obtained from JdbcConnectionAccess [org.hibernate.engine.jdbc.env.internal.JdbcEnvironmentInitiator$ConnectionProviderJdbcConnectionAccess@6dab01d9] for (non-JTA) DDL execution was not in auto-commit mode; the Connection 'local transaction' will be committed and the Connection will be set into auto-commit mode.
[main] INFO jm.task.core.jdbc.dao.UserDaoHibernateImpl - Таблица пользователей успешно удалена!
[main] INFO jm.task.core.jdbc.dao.UserDaoHibernateImpl - Таблица пользователей успешно создана
]]></system-err>
  </testcase>
  <testcase name="cleanUsersTable" classname="UserServiceTest" time="0.206">
    <system-out><![CDATA[Hibernate Connection successful!
Hibernate: 
    DROP TABLE IF EXISTS users
Hibernate: 
    CREATE TABLE IF NOT EXISTS users(id BIGSERIAL PRIMARY KEY,name VARCHAR(50) NOT NULL,lastname VARCHAR(50) NOT NULL,age SMALLINT NOT NULL)
Hibernate: 
    insert 
    into
        users
        (age, lastname, name) 
    values
        (?, ?, ?)
Hibernate: 
    delete 
    from
        users
Hibernate: 
    select
        user0_.id as id1_0_,
        user0_.age as age2_0_,
        user0_.lastname as lastname3_0_,
        user0_.name as name4_0_ 
    from
        users user0_
]]></system-out>
    <system-err><![CDATA[янв. 11, 2025 4:40:09 PM org.hibernate.engine.jdbc.connections.internal.DriverManagerConnectionProviderImpl configure
WARN: HHH10001002: Using Hibernate built-in connection pool (not for production use!)
янв. 11, 2025 4:40:09 PM org.hibernate.engine.jdbc.connections.internal.DriverManagerConnectionProviderImpl buildCreator
INFO: HHH10001005: using driver [org.postgresql.Driver] at URL [jdbc:postgresql://localhost:5432/postgres]
янв. 11, 2025 4:40:09 PM org.hibernate.engine.jdbc.connections.internal.DriverManagerConnectionProviderImpl buildCreator
INFO: HHH10001001: Connection properties: {password=****, user=postgres}
янв. 11, 2025 4:40:09 PM org.hibernate.engine.jdbc.connections.internal.DriverManagerConnectionProviderImpl buildCreator
INFO: HHH10001003: Autocommit mode: false
янв. 11, 2025 4:40:09 PM org.hibernate.engine.jdbc.connections.internal.DriverManagerConnectionProviderImpl$PooledConnections <init>
INFO: HHH000115: Hibernate connection pool size: 20 (min=1)
янв. 11, 2025 4:40:09 PM org.hibernate.dialect.Dialect <init>
INFO: HHH000400: Using dialect: org.hibernate.dialect.PostgreSQLDialect
янв. 11, 2025 4:40:09 PM org.hibernate.resource.transaction.backend.jdbc.internal.DdlTransactionIsolatorNonJtaImpl getIsolatedConnection
INFO: HHH10001501: Connection obtained from JdbcConnectionAccess [org.hibernate.engine.jdbc.env.internal.JdbcEnvironmentInitiator$ConnectionProviderJdbcConnectionAccess@107bfcb2] for (non-JTA) DDL execution was not in auto-commit mode; the Connection 'local transaction' will be committed and the Connection will be set into auto-commit mode.
[main] INFO jm.task.core.jdbc.dao.UserDaoHibernateImpl - Таблица пользователей успешно удалена!
[main] INFO jm.task.core.jdbc.dao.UserDaoHibernateImpl - Таблица пользователей успешно создана
[main] INFO jm.task.core.jdbc.dao.UserDaoHibernateImpl - Таблица очищена
]]></system-err>
  </testcase>
</testsuite>